[      28ms] [ERROR] Failed to load resource: the server responded with a status of 500 (Internal Server Error) @ http://localhost:3111/:0
[     144ms] [INFO] %cDownload the React DevTools for a better development experience: https://react.dev/link/react-devtools font-weight:bold @ http://localhost:3111/_next/static/chunks/00zm_react-dom_0_jgpuq._.js:15305
[     209ms] Error: ./Desktop/front/sections/Footer.tsx:1:1
Export Github doesn't exist in target module
> 1 | import { Github, Twitter, Linkedin, Orbit } from "lucide-react";
    | ^^^^^^^^^^^^^^^^^^^^^^^^^^^^^^^^^^^^^^^^^^^^^^^^^^^^^^^^^^^^^^^^
  2 |
  3 | export function Footer() {
  4 |   return (

The export Github was not found in module [project]/Desktop/front/node_modules/lucide-react/dist/esm/lucide-react.mjs [app-rsc] (ecmascript).
Did you mean to import Gift?
All exports of the module are statically known (It doesn't have dynamic exports). So it's known statically that the requested export doesn't exist.

Import trace:
  Server Component:
    ./Desktop/front/sections/Footer.tsx
    ./Desktop/front/app/page.tsx


    at <unknown> (Error: ./Desktop/front/sections/Footer.tsx:1:1)
    at Object.getCompilationErrors (file:///home/jus/Desktop/front/node_modules/next/dist/server/dev/hot-reloader-turbopack.js:1186:59)
    at DevBundlerService.getCompilationError (file:///home/jus/Desktop/front/node_modules/next/dist/server/lib/dev-bundler-service.js:44:55)
    at DevServer.getCompilationError (file:///home/jus/Desktop/front/node_modules/next/dist/server/dev/next-dev-server.js:720:42)
    at DevServer.findPageComponents (file:///home/jus/Desktop/front/node_modules/next/dist/server/dev/next-dev-server.js:690:43)
    at async DevServer.renderErrorToResponseImpl (file:///home/jus/Desktop/front/node_modules/next/dist/server/base-server.js:1753:26)
[     206ms] [LOG] [HMR] connected @ http://localhost:3111/_next/static/chunks/00zm_next_dist_0_131na._.js:1226
[     301ms] [ERROR] ./Desktop/front/sections/Footer.tsx:1:1
Export Github doesn't exist in target module
> 1 | import { Github, Twitter, Linkedin, Orbit } from "lucide-react";
    | ^^^^^^^^^^^^^^^^^^^^^^^^^^^^^^^^^^^^^^^^^^^^^^^^^^^^^^^^^^^^^^^^
  2 |
  3 | export function Footer() {
  4 |   return (

The export Github was not found in module [project]/Desktop/front/node_modules/lucide-react/dist/esm/lucide-react.mjs [app-rsc] (ecmascript).
Did you mean to import Gift?
All exports of the module are statically known (It doesn't have dynamic exports). So it's known statically that the requested export doesn't exist.

Import trace:
  Server Component:
    ./Desktop/front/sections/Footer.tsx
    ./Desktop/front/app/page.tsx @ http://localhost:3111/_next/static/chunks/00zm_next_dist_0_131na._.js:1945
[     306ms] [ERROR] ./Desktop/front/sections/Footer.tsx:1:1
Export Linkedin doesn't exist in target module
> 1 | import { Github, Twitter, Linkedin, Orbit } from "lucide-react";
    | ^^^^^^^^^^^^^^^^^^^^^^^^^^^^^^^^^^^^^^^^^^^^^^^^^^^^^^^^^^^^^^^^
  2 |
  3 | export function Footer() {
  4 |   return (

The export Linkedin was not found in module [project]/Desktop/front/node_modules/lucide-react/dist/esm/lucide-react.mjs [app-rsc] (ecmascript).
Did you mean to import Link?
All exports of the module are statically known (It doesn't have dynamic exports). So it's known statically that the requested export doesn't exist.

Import trace:
  Server Component:
    ./Desktop/front/sections/Footer.tsx
    ./Desktop/front/app/page.tsx @ http://localhost:3111/_next/static/chunks/00zm_next_dist_0_131na._.js:1945
[     306ms] [ERROR] ./Desktop/front/sections/Footer.tsx:1:1
Export Twitter doesn't exist in target module
> 1 | import { Github, Twitter, Linkedin, Orbit } from "lucide-react";
    | ^^^^^^^^^^^^^^^^^^^^^^^^^^^^^^^^^^^^^^^^^^^^^^^^^^^^^^^^^^^^^^^^
  2 |
  3 | export function Footer() {
  4 |   return (

The export Twitter was not found in module [project]/Desktop/front/node_modules/lucide-react/dist/esm/lucide-react.mjs [app-rsc] (ecmascript).
Did you mean to import Timer?
All exports of the module are statically known (It doesn't have dynamic exports). So it's known statically that the requested export doesn't exist.

Import trace:
  Server Component:
    ./Desktop/front/sections/Footer.tsx
    ./Desktop/front/app/page.tsx @ http://localhost:3111/_next/static/chunks/00zm_next_dist_0_131na._.js:1945
[     360ms] [ERROR] ./Desktop/front/sections/Footer.tsx:1:1
Export Github doesn't exist in target module
> 1 | import { Github, Twitter, Linkedin, Orbit } from "lucide-react";
    | ^^^^^^^^^^^^^^^^^^^^^^^^^^^^^^^^^^^^^^^^^^^^^^^^^^^^^^^^^^^^^^^^
  2 |
  3 | export function Footer() {
  4 |   return (

The export Github was not found in module [project]/Desktop/front/node_modules/lucide-react/dist/esm/lucide-react.mjs [app-rsc] (ecmascript).
Did you mean to import Gift?
All exports of the module are statically known (It doesn't have dynamic exports). So it's known statically that the requested export doesn't exist.

Import trace:
  Server Component:
    ./Desktop/front/sections/Footer.tsx
    ./Desktop/front/app/page.tsx @ http://localhost:3111/_next/static/chunks/00zm_next_dist_0_131na._.js:1945
[     360ms] [ERROR] ./Desktop/front/sections/Footer.tsx:1:1
Export Linkedin doesn't exist in target module
> 1 | import { Github, Twitter, Linkedin, Orbit } from "lucide-react";
    | ^^^^^^^^^^^^^^^^^^^^^^^^^^^^^^^^^^^^^^^^^^^^^^^^^^^^^^^^^^^^^^^^
  2 |
  3 | export function Footer() {
  4 |   return (

The export Linkedin was not found in module [project]/Desktop/front/node_modules/lucide-react/dist/esm/lucide-react.mjs [app-rsc] (ecmascript).
Did you mean to import Link?
All exports of the module are statically known (It doesn't have dynamic exports). So it's known statically that the requested export doesn't exist.

Import trace:
  Server Component:
    ./Desktop/front/sections/Footer.tsx
    ./Desktop/front/app/page.tsx @ http://localhost:3111/_next/static/chunks/00zm_next_dist_0_131na._.js:1945
[     361ms] [ERROR] ./Desktop/front/sections/Footer.tsx:1:1
Export Twitter doesn't exist in target module
> 1 | import { Github, Twitter, Linkedin, Orbit } from "lucide-react";
    | ^^^^^^^^^^^^^^^^^^^^^^^^^^^^^^^^^^^^^^^^^^^^^^^^^^^^^^^^^^^^^^^^
  2 |
  3 | export function Footer() {
  4 |   return (

The export Twitter was not found in module [project]/Desktop/front/node_modules/lucide-react/dist/esm/lucide-react.mjs [app-rsc] (ecmascript).
Did you mean to import Timer?
All exports of the module are statically known (It doesn't have dynamic exports). So it's known statically that the requested export doesn't exist.

Import trace:
  Server Component:
    ./Desktop/front/sections/Footer.tsx
    ./Desktop/front/app/page.tsx @ http://localhost:3111/_next/static/chunks/00zm_next_dist_0_131na._.js:1945
[     409ms] [LOG] [Fast Refresh] rebuilding @ http://localhost:3111/_next/static/chunks/00zm_next_dist_0_131na._.js:1226
[     752ms] [ERROR] ./Desktop/front/sections/Footer.tsx:1:1
Export Github doesn't exist in target module
> 1 | import { Github, Twitter, Linkedin, Orbit } from "lucide-react";
    | ^^^^^^^^^^^^^^^^^^^^^^^^^^^^^^^^^^^^^^^^^^^^^^^^^^^^^^^^^^^^^^^^
  2 |
  3 | export function Footer() {
  4 |   return (

The export Github was not found in module [project]/Desktop/front/node_modules/lucide-react/dist/esm/lucide-react.mjs [app-rsc] (ecmascript).
Did you mean to import Gift?
All exports of the module are statically known (It doesn't have dynamic exports). So it's known statically that the requested export doesn't exist.

Import trace:
  Server Component:
    ./Desktop/front/sections/Footer.tsx
    ./Desktop/front/app/page.tsx @ http://localhost:3111/_next/static/chunks/00zm_next_dist_0_131na._.js:1945
[     752ms] [ERROR] ./Desktop/front/sections/Footer.tsx:1:1
Export Linkedin doesn't exist in target module
> 1 | import { Github, Twitter, Linkedin, Orbit } from "lucide-react";
    | ^^^^^^^^^^^^^^^^^^^^^^^^^^^^^^^^^^^^^^^^^^^^^^^^^^^^^^^^^^^^^^^^
  2 |
  3 | export function Footer() {
  4 |   return (

The export Linkedin was not found in module [project]/Desktop/front/node_modules/lucide-react/dist/esm/lucide-react.mjs [app-rsc] (ecmascript).
Did you mean to import Link?
All exports of the module are statically known (It doesn't have dynamic exports). So it's known statically that the requested export doesn't exist.

Import trace:
  Server Component:
    ./Desktop/front/sections/Footer.tsx
    ./Desktop/front/app/page.tsx @ http://localhost:3111/_next/static/chunks/00zm_next_dist_0_131na._.js:1945
[     752ms] [ERROR] ./Desktop/front/sections/Footer.tsx:1:1
Export Twitter doesn't exist in target module
> 1 | import { Github, Twitter, Linkedin, Orbit } from "lucide-react";
    | ^^^^^^^^^^^^^^^^^^^^^^^^^^^^^^^^^^^^^^^^^^^^^^^^^^^^^^^^^^^^^^^^
  2 |
  3 | export function Footer() {
  4 |   return (

The export Twitter was not found in module [project]/Desktop/front/node_modules/lucide-react/dist/esm/lucide-react.mjs [app-rsc] (ecmascript).
Did you mean to import Timer?
All exports of the module are statically known (It doesn't have dynamic exports). So it's known statically that the requested export doesn't exist.

Import trace:
  Server Component:
    ./Desktop/front/sections/Footer.tsx
    ./Desktop/front/app/page.tsx @ http://localhost:3111/_next/static/chunks/00zm_next_dist_0_131na._.js:1945
[   25395ms] [LOG] [Fast Refresh] rebuilding @ http://localhost:3111/_next/static/chunks/00zm_next_dist_0_131na._.js:1226
[   26266ms] [LOG] [Fast Refresh] done in 315ms @ http://localhost:3111/_next/static/chunks/00zm_next_dist_0_131na._.js:1226
[   27251ms] [LOG] [Fast Refresh] rebuilding @ http://localhost:3111/_next/static/chunks/00zm_next_dist_0_131na._.js:1226
[   27266ms] [LOG] [Fast Refresh] done in 114ms @ http://localhost:3111/_next/static/chunks/00zm_next_dist_0_131na._.js:1226
[   27399ms] [ERROR] Failed to load resource: the server responded with a status of 500 (Internal Server Error) @ http://localhost:3111/:0
[   27553ms] [INFO] %cDownload the React DevTools for a better development experience: https://react.dev/link/react-devtools font-weight:bold @ http://localhost:3111/_next/static/chunks/00zm_next_dist_01i0w8a._.js:2477
[   27657ms] [LOG] [HMR] connected @ http://localhost:3111/_next/static/chunks/00zm_next_dist_01i0w8a._.js:2477
[   27791ms] ReferenceError: Github is not defined
    at Footer (about://React/Server/file:///home/jus/Desktop/front/.next/dev/server/chunks/ssr/%5Broot-of-the-server%5D__1pf7blw._.js?0:948:315)
    at resolveErrorDev (http://localhost:3111/_next/static/chunks/00zm_next_dist_compiled_react-server-dom-turbopack_0f8x9dl._.js:1919:105)
    at processFullStringRow (http://localhost:3111/_next/static/chunks/00zm_next_dist_compiled_react-server-dom-turbopack_0f8x9dl._.js:2434:29)
    at processFullBinaryRow (http://localhost:3111/_next/static/chunks/00zm_next_dist_compiled_react-server-dom-turbopack_0f8x9dl._.js:2393:9)
    at processBinaryChunk (http://localhost:3111/_next/static/chunks/00zm_next_dist_compiled_react-server-dom-turbopack_0f8x9dl._.js:2502:221)
    at progress (http://localhost:3111/_next/static/chunks/00zm_next_dist_compiled_react-server-dom-turbopack_0f8x9dl._.js:2689:13)
[   29044ms] [LOG] [Fast Refresh] rebuilding @ http://localhost:3111/_next/static/chunks/00zm_next_dist_01i0w8a._.js:2477
[   29053ms] [WARNING] [Fast Refresh] performing full reload because your application had an unrecoverable error @ http://localhost:3111/_next/static/chunks/00zm_next_dist_01i0w8a._.js:2477
[   29117ms] [LOG] [Fast Refresh] done in 81ms @ http://localhost:3111/_next/static/chunks/00zm_next_dist_01i0w8a._.js:2477
[   29369ms] [INFO] %cDownload the React DevTools for a better development experience: https://react.dev/link/react-devtools font-weight:bold @ http://localhost:3111/_next/static/chunks/00zm_next_dist_01i0w8a._.js:2477
[   29480ms] [LOG] [HMR] connected @ http://localhost:3111/_next/static/chunks/00zm_next_dist_01i0w8a._.js:2477
[   29718ms] [WARNING] THREE.Clock: This module has been deprecated. Please use THREE.Timer instead. @ http://localhost:3111/_next/static/chunks/00zm_next_dist_01i0w8a._.js:2477
[   29794ms] [WARNING] [.WebGL-0x364000f3200]GL Driver Message (OpenGL, Performance, GL_CLOSE_PATH_NV, High): GPU stall due to ReadPixels @ http://localhost:3111/:0
[   30002ms] [WARNING] [.WebGL-0x364000f3200]GL Driver Message (OpenGL, Performance, GL_CLOSE_PATH_NV, High): GPU stall due to ReadPixels @ http://localhost:3111/:0
[   30023ms] [WARNING] [.WebGL-0x364000f3200]GL Driver Message (OpenGL, Performance, GL_CLOSE_PATH_NV, High): GPU stall due to ReadPixels @ http://localhost:3111/:0
[   30044ms] [WARNING] [.WebGL-0x364000f3200]GL Driver Message (OpenGL, Performance, GL_CLOSE_PATH_NV, High): GPU stall due to ReadPixels (this message will no longer repeat) @ http://localhost:3111/:0
[   43637ms] [INFO] %cDownload the React DevTools for a better development experience: https://react.dev/link/react-devtools font-weight:bold @ http://localhost:3111/_next/static/chunks/00zm_next_dist_01i0w8a._.js:2477
[   43687ms] [LOG] [HMR] connected @ http://localhost:3111/_next/static/chunks/00zm_next_dist_01i0w8a._.js:2477
[   43954ms] [WARNING] THREE.Clock: This module has been deprecated. Please use THREE.Timer instead. @ http://localhost:3111/_next/static/chunks/00zm_next_dist_01i0w8a._.js:2477
[  134664ms] [LOG] [Fast Refresh] rebuilding @ http://localhost:3111/_next/static/chunks/00zm_next_dist_01i0w8a._.js:2477
[  134709ms] [LOG] [Fast Refresh] done in 72ms @ http://localhost:3111/_next/static/chunks/00zm_next_dist_01i0w8a._.js:2477
[  146872ms] [INFO] %cDownload the React DevTools for a better development experience: https://react.dev/link/react-devtools font-weight:bold @ http://localhost:3111/_next/static/chunks/00zm_next_dist_01i0w8a._.js:2477
[  146927ms] [LOG] [HMR] connected @ http://localhost:3111/_next/static/chunks/00zm_next_dist_01i0w8a._.js:2477
[  147149ms] [WARNING] THREE.Clock: This module has been deprecated. Please use THREE.Timer instead. @ http://localhost:3111/_next/static/chunks/00zm_next_dist_01i0w8a._.js:2477
